Name:  ./tes_diccio03
Param tipo 1: f03_tkn
Param tipo 1: diccio01.txt
Param tipo 2: -m
Param tipo 2: -v
Cant de pars ....  5
Cant de tipo 1 2
Cant de tipo 2 2
Cant de tipo 3 0

inp f03_tkn
out diccio01.txt

%
'
(
)
,
-
.
/
0,5
0,7
0,8
0.1
0.2
0.3
0.4
0.5
0.53
0.59
0.6
0.7
0.8
0.85
0.9
0.93
0.96
0.97
1
1,2
1,3
1,5
1,6
1,9
1.1
1.10
1.13
1.2
1.3
1.4
1.5
1.6
1.7
1.72
1.8
1.85
1.9
10
10,5
10,6
10.2
10.7
100
105196
11
11,3
111205
118898
12
12,2
12,7
122
123104
13
13.9
14
14.4
141730
15
158
16
168
17
18
18.5
19
2
2,1
2,9
2.1
2.2
2.3
2.5
2.6
2.7
2.8
2.9
20
2010
21
212
22
22,3
23
23.3
25
27
272872
29
3
3,1
3,2
3,6
3,7
3.1
3.2
3.3
3.5
3.6
3.7
3.8
3.9
30
31
32.0
336386
34
35.1
353600
36
37
372461
38
395021
4
4,2
4.2
4.3
4.5
4.6
4.68
4.7
4.98
41
42
43
44
45
46
470740
48
481310
485725
486353
486628
5
5,5
5.2
5.3
5.5
5.6
5.7
5.9
513410
51948
52
53
532441
532901
54
56671
58
6
6.0
6.4
6.46
6.5
6.6
6.7
60
61
611191
625749
627751
63
64072
65
654368
69
693781
7
7.3
7.4
7.5
73
741800
74292
760485
764726
78
8
8,7
8.1
8.6
8.7
8.8
8.9
826341
83
848193
875104
88377
891467
9
9,1
9,4
9.0
9.3
9.4
9.5
9.6
9.7
9.8
9.9
942914
946977
955807
962986
96507
995571
999657
:
;
a
a103491
a106632
a115787
a116632
a117909
a121556
a123252
a12538
a127906
a140399
a141507
a144222
a145521
a146009
a148853
a150082
a169043
a169420
a170115
a176301
a190878
a1945
a199844
a206025
a20665
a211404
a214642
a216841
a225188
a227434
a229220
a22923
a229589
a240942
a255796
a257557
a262651
a269755
a27059
a290944
a29142
a293411
a293902
a305712
a309816
a321765
a328230
a328356
a331521
a335703
a339551
a345848
a347520
a348933
a349781
a352965
a355177
a360943
a36699
a46551
a51509
a52749
a57035
a57909
a77060
a96688
a96967
a97100
a99228
abd
abdomen
abdominal
abomba
abre
abscedacion
accesorio
aconservado
activo
acuerdo
acustica
adayacentes
adayecentes
adecuada
adecuadamente
adecuado
adenoflemon
adenomegalias
adenopatia
adenopatias
adenopatico
adherido
adrenales
adyacente
adyacentes
adyascentes
aerea
aereas
aereo
aerobilia
afecta
afectan
afuera
agenes
agrupadas
aguda
agudo
aire
aireado
al
algunas
algunos
alitiasica
aloja
alrededor
alta
alteracion
alteraciones
alterada
ambas
ambos
amplia
ampliacion
anecoico
anexial
anexo
anidel
anomalias
antecedente
antecedentes
anterior
anteriores
anteriormente
anteroposterior
anterposterior
ao
aorta
ap
aparenta
aparente
apariencia
apendice
apendicitis
apendicolito
apendicular
aperistaltica
apex
api
apical
aprox
aproximadamente
aproximado
arco
arcos
ard
area
areas
areola
ariz
art
arteial
arterfactos
arteria
arterial
arteriovenosa
articulacion
articular
asa
asas
ascitis
aspecto
aspectos
aumentada
aumentado
aumentados
aumento
aunque
ausencia
ausente
avf
ayuno
bacinete
baja
baker
balon
basal
base
basica
bazo
bien
bifasica
bifida
bifido
bilateral
bilaterales
biliar
biliares
bilis
bilobulada
bilomas
blandas
bolsa
bordes
broncograma
buen
cabeza
cacificaciones
caderas
calcificaciones
calcifixcaciones
calices
calicial
calicilar
caliz
cambio
cambios
campo
capsula
cara
caracteristica
caracteristicas
casa
casi
cateter
cateterismo
caudotalamica
caudotalamico
cav
cavernoma
cavidad
cavidada
cc
cecal
cecales
celda
celular
centrada
central
centro
cerca
cercana
cerebral
cicatriz
cirugia
claramente
cm
cn
codo
codos
cola
colateral
colaterales
coleccion
colecciones
coledoco
coloide
coloidea
coloides
color
colostomia
combresible
comparacion
comparativa
comparativas
comparativo
compatible
compatibles
compresi
compresible
compresion
compromiso
comunicacion
con
conclusion
condensacion
conducto
conglomerado
conocer
conocida
conocidas
conocido
conservada
conservadas
conservado
considero
consolidacion
constituyen
consulta
contacto
contenido
contorno
contornos
contoros
contraccion
contralateral
control
coronaria
correlacionar
correponderia
corresponder
corresponderia
cortical
corticales
cortico
corticomedular
corticoterapia
cortos
costal
costales
coxofemoral
cronica
cruza
cual
cuello
cuellos
cuenta
cuerpos
cugm
cuna
cutaneo
d
dada
de
debajo
debido
decubito
dedo
definida
definidos
dejo
del
delante
delimitados
der
derecha
derecho
derivacion
derivaciones
derrame
descartar
descendente
descripta
desde
desembocadura
deseo
desplaza
desplazado
desplazamientos
destacables
desviaciones
detectado
detectaron
detecto
determinar
detras
detritus
diagnostico
dialtada
diam
diametro
diamtro
dicha
dicho
didelfo
diferenciacion
diferenciado
diferencicas
diferencicion
diferencion
diferente
diferentes
difusa
difuso
difusos
dilatacion
dilataciones
dilatada
dilatadas
dilatado
dimensiones
directa
discreta
discretamente
discreto
disminu
disminucion
disminucionde
disminucon
disminuido
disminuidos
disminuye
dispositivo
distal
distales
distendida
distribucion
ditacion
diverticulo
diverticulos
dl
doble
dolor
dolorosa
doloroso
dominante
doppler
dorsal
dorso
dos
douglas
duplcacion
duplicacion
durante
dvp
e
ecm
ecoestructura
ecogencicidad
ecogencidad
ecogenica
ecogenicas
ecogenicidad
ecogenico
ecogenicos
ecografia
ecograficamente
ecograficas
ecografico
ecograficos
ecorrefringencias
ecos
ectacia
ectasia
ectasias
edad
edema
efectos
el
elativo
elevado
elisa
ellos
en
encima
encuentra
endoluminal
endometrio
enero
enfermedad
engrosada
engrosadas
engrosado
engrosados
engrosamiento
entre
epididimo
epididmo
epiplon
epu
es
escaso
escrotal
esp
espacio
espectral
espesa
espesor
espinal
esplenica
esplenico
esplenomegalia
esplenorenal
esta
este
esteatosis
estenosis
esternocleido
estructura
estructuras
estudian
estudio
estudios
etronco
evaluable
evaluables
evaluar
evidencia
evidencias
evolucion
evolutiva
examen
excretor
excretora
existe
existen
expensas
explora
exploracion
explorada
exploran
extencion
extendiendose
extension
extradural
extrahepatica
extrar
extrarenal
extrarenales
extrarrenal
extremo
fascias
femoral
fibras
fibrilar
fibrosos
fid
fii
fina
finamente
finas
finos
fistula
flanco
flancos
flebitis
fluctuante
flujko
flujo
focales
folicular
foliculares
foliculo
forma
formacion
fosa
frecuencia
frecuente
frontal
fursemida
fusiforme
ganglios
gas
gaseosa
gi
ginecologica
glandula
glandulas
globalmente
glutea
gran
grasa
gruesas
gruesos
grupo
gustaria
habitual
hacia
hallazgo
hasta
hay
hematoma
hemisistema
hemisistemas
hemitorax
hemorragia
hemorroidales
hepatco
hepatica
hepatico
hepatofugo
hepatomegalia
hepatopeto
heptofugo
herida
hernia
herradura
heterogena
heterogenea
heterogeneo
heterogeneos
heterogneo
hhipoecoica
hidrocele
hidrocolpos
hidronefrosis
higado
higadopequeno
hiliar
hilio
hiperecogenicidad
hiperecogenicos
hipereecogenicidad
hiperflujo
hipertension
hipertrofia
hipertrofica
hipervascularizada
hipocoica
hipoecogenica
hipoecogenicas
hipoecoica
hipoecoicas
hipoecoico
hombro
homogenea
homogeneo
homogeno
horas
hp
hsi
htp
htx
hueco
identifica
identifican
identificandose
identificar
ido
igual
ii
iii
ileon
iliaca
iliacos
im
imagen
imagenes
imagens
implantacion
implante
importante
impresiona
incipente
incluido
incremento
inespecificos
infantil
infecci
inferior
inferiores
inferolateral
infiltracion
inflamatorio
infrarotuliana
ingresando
inguinal
integridad
intenso
interasas
intercostales
interes
interior
intermedia
intermitente
interna
internos
interposicion
interpuesto
intestinal
intra
intraarticular
intrahepatica
intrarticular
intravesical
invaginacion
ir
irc
irregular
irregulares
isoecoica
istmo
itsmo
iv
izq
izquiedo
izquierda
izquierdo
justifica
la
lado
largo
las
lateral
lateralizado
laterocervicales
ld4
lesion
lesiones
leucemica
leve
levemente
libre
libreen
ligeramente
limite
limites
linea
lineal
lineales
linfangioma
linfatica
liquida
liquido
lisas
litiasis
litos
lla
llanto
lo
lob
lobulado
lobulados
lobulo
lobulos
logra
logran
logrando
logro
long
longitudinal
los
luego
luz
mal
malformacion
mamaria
mamario
maniobras
mano
marcada
marcado
mas
masa
mastoideo
mataderos
max
maximo
mayor
mayores
mdre
me
media
medial
medicina
medicion
medidas
medina
medio
medula
medular
megaureter
menor
menos
mesenterica
mesentericos
meteorismo
metodo
miccion
miccional
mide
miden
miembros
milimetros
minima
minimamaente
minimamente
minimo
misma
mismo
mm
mo
moderada
moderado
modifica
modifican
momento
monofasica
morfologia
motilidad
movil
moviles
moviliza
movimiento
movimientos
multiples
mural
muscular
musculares
musculo
musculos
muslo
muy
nativo
nativos
necrosis
nel
netas
neto
netos
neurogenica
ni
nivel
no
nodular
nodulares
nodulos
normal
normales
nuclear
nucleos
nueva
o
obsera
observa
observada
observadas
observadose
observan
observando
observandose
observandosse
observaron
observo
obstruccion
obtener
ocluye
ocupa
oi
on
onda
ortotopicos
oservan
osificacion
otra
otras
otro
ovalada
ovario
ovarios
ovoidea
p
paciente
palpable
pampiniforme
pancreas
para
paraaorico
parapielico
parcialmente
pared
paredes
parenquima
parenquimatosa
parotidas
parrila
partes
particulado
particulas
patologia
patologicas
patologico
patron
pcte
pedirselas
pelviana
pelvis
pequena
pequenas
pequeno
pequenos
perdida
periapendicular
pericecal
periesplenicas
periferia
periferica
perifericas
periferico
peripancreaticas
periportal
periumbilical
periventricular
perivesicular
perivesiculares
permeable
permeables
pero
persiste
persistente
pico
pie
pielica
pielicas
pielocalicial
pielocalicila
pielocalicilar
pielonefritis
pierna
pilorica
piloro
pioureterohidronefrosis
plano
planos
plenificada
pleural
pleuropaquerenquimatosa
pleuropulmonar
plexo
poco
poder
podifica
podri
podria
podrian
poliesplenia
polipo
poliquisticos
polo
polos
popliteo
por
porcion
pordrian
porta
portal
posicional
posmiccion
posmiccional
post
postanastomotica
posterior
postmicc
postmiccion
postmiccional
postmiccionales
postmicional
potmicc
prandial
pre
precava
predominante
predominantemente
predominio
premicc
premiccion
premiccional
prenquima
prepuberal
presencia
presenta
presentando
presente
presuntivo
prevascular
previa
previo
probable
proceso
produce
profunda
profundas
profundo
profundos
prolongacion
propiamente
prox
proximal
proximales
prsenta
pseudoquiste
psm
psoas
pudo
puede
pueden
puedo
pulmon
pulmonar
pulmonares
pulsado
punta
q
que
quirurgica
quiste
quistes
quistica
quisticas
quistico
rama
ramas
rango
rd
rder
realidad
realiza
realizar
reconoce
recto
redondeada
redondeadas
redondedada
reevaluacion
refiere
reflujo
regeneracion
region
regionales
registros
regulares
reimplante
relacion
remanente
renal
renovesical
replecionada
reposo
residual
residuales
residualresuelto
residuo
resolucion
respectivamente
respecto
resto
restos
retencion
retro
retrocava
retropancreatico
retroperitoneo
retrovesical
ri
ri9
rino
rinon
rinones
riz
rizquierdo
rodillas
rotados
rx
s
sacra
sacular
se
sector
sectores
secuela
secundaria
seg
segmento
senal
senos
separacion
shunt
si
siendo
significacion
significativa
significativamente
significativas
significativo
significativos
signos
sigue
simetrica
similares
simple
simples
sin
sistema
sistolico
sitio
solida
solidas
sombra
sp
stent
su
subangulomaxilares
subcutaneo
subdural
subependimario
submaxilar
submaxilares
subyacente
sudcutaneo
sugerenes
sugerente
sugerentes
sugestivas
sugestivo
sugiere
sup
superciliar
superficial
superficiales
superficie
superior
superiores
suprahepaticas
suprarotuliana
supratalamicos
supraumbilical
supravesical
surco
sus
suspension
tabique
tabiques
tamano
tamanos
tambien
tcs
tejido
tener
tension
teratoma
tercer
tercio
tercios
test
testicular
testiculo
tien
tiene
tipo
tir
tirodes
tiroidea
tiroideo
tiroideos
tiroides
tizq
tls
tobillo
toda
todo
tomar
topografia
torax
totalmente
tractos
transductor
transplantado
transversal
transverso
traqueal
trasductor
traves
trayecto
tres
trifasica
tringular
trombo
trombosis
trompa
tronco
tubular
turbulencia
turbulento
tx
u
ubica
ubicada
ubicadas
ubicado
un
una
unica
union
ureter
ureteral
ureteres
ureteroceles
ureterohidronefrosis
ureterovesical
ureters
urgencia
urinaria
urotelio
ut
utero
uteros
v
vacia
vaciado
vagina
valor
valorable
valsalva
valva
varia
variaciones
varices
varicocele
vascular
vascularizacion
vascularizada
vascularizadas
vascularizado
vascularizados
vaso
vasos
vci
vcs
vecinas
vejiga
velocidad
ven
vena
venas
venosas
venoso
venosos
ventana
ventricular
ventriculo
ver
vertebrales
vesical
vesicula
vesplenica
via
vias
vii
vinculable
visible
visibles
visual
visualiza
visualizacin
visualizacion
visualizan
visualizando
visualizar
visualizarse
visualizo
visulaizado
vms
vms5x
vol
volumen
vporta
vsh
x
y
ya
zona
{
Cant de lineas      1472
Cant de palabras    1178
fin proceso 
