Linea:  0
segm1: >1000<
segm2: >liquido<
segm3: >0.9 x 0.8 x 0.85 cm No se observo liquido libre en cavidad.<
segm4: >Neg<
Linea:  1
segm1: >1002<
segm2: >adenomegalias<
segm3: >Diametro longitudinal:9.7( cm ) No se detectaron adenomegalias.<
segm4: >Neg<
Linea:  2
segm1: >1003<
segm2: >separacion<
segm3: >Conclusion: la imagen descripta podria corresponder a coleccion, pero, al no poder visualizarse claramente plano de separacion con el lobulo izquierdo tiroideo, no se puede descartar compromiso de esta glandula.<
segm4: >Neg<
Linea:  3
segm1: >1005<
segm2: >nodular<
segm3: >141730 Se observa glandula tiroides con ecoestructura heterogenea, predominantemente hipoecoica, no nodular.<
segm4: >Neg<
Linea:  4
segm1: >1006<
segm2: >adenomegalias<
segm3: >942914 Ambos nodulos tiroideos difusa y levemente heterogeneos, compatible con TLS No se observan adenomegalias en cuello Vol Tiroideo LD4.<
segm4: >Neg<
Linea:  5
segm1: >1008<
segm2: >imagen<
segm3: >Psoas con fibras musculares conservadas, no se observa imagen sugerente de coleccion.<
segm4: >Neg<
Linea:  6
segm1: >1009<
segm2: >dilatacion <
segm3: >Pelvis de diametro anteroposterior de 1.4(cm), extrarrenal No se detecto dilatacion  ureteral.<
segm4: >Neg<
Linea:  7
segm1: >1011<
segm2: >derrame <
segm3: >A116632 Se explora en forma comparativa ambas caderas No se observan alteraciones de partes blandas ni derrame  articular Ambos psoas de estructura conservada en los sectores visibles.<
segm4: >Neg<
Linea:  8
segm1: >1012<
segm2: >dilatada<
segm3: >111205 HIGADO: tamano conservado y moderado incremento de la ecogenicidad en forma difusa  VIA BILIAR intra y extrahepatica: no dilatada.<
segm4: >Neg<
Linea:  9
segm1: >1015<
segm2: >dilatacion<
segm3: >RDer: con ectasia pielocalicial a predominio de grupo calicilar superior, disminuye parcialmente postmiccion, no observandose dilatacion de ureter.<
segm4: >Neg<
Linea:  10
segm1: >1022<
segm2: >condensacion<
segm3: >A257557 Ecografia pleural: Hemitorax derecho: sin evidencia de derrame ni condensacion.<
segm4: >Neg<
Linea:  11
segm1: >1023<
segm2: >dilatada<
segm3: >Via excretora no dilatada.<
segm4: >Neg<
Linea:  12
segm1: >1024<
segm2: >liquido<
segm3: >No se observan colecciones ni liquido intrarticular al momento del examen.<
segm4: >Neg<
Linea:  13
segm1: >1030<
segm2: >dilatacion <
segm3: >No se detecto dilatacion  ureteral ni litiasis en la via urinaria.<
segm4: >Neg<
Linea:  14
segm1: >1034<
segm2: >liquido<
segm3: >Diametro longitudinal:8.1( cm ) ganglios mesentericos en rango no adenopatico.. No se detectaron colecciones ni liquido libre.<
segm4: >Neg<
Linea:  15
segm1: >1036<
segm2: >dilatacion <
segm3: >Diam long 5.5 cm, pelvis renal: 2.2 cm, no se observa dilatacion  ureteral.<
segm4: >Neg<
Linea:  16
segm1: >1037<
segm2: >hidrocele<
segm3: >A262651 Se observa ovario derecho de forma y ecoestructura conservada, ubicado en trayecto inguinal distal por delante de los vasos iliacos sin extencion al TCS ni plano muscular, sin hidrocele.<
segm4: >Neg<
Linea:  17
segm1: >1038<
segm2: >imagenes<
segm3: >A352965 DOPPLER VENOSO VCS no se observa imagenes sugerentes de Trombosis, cateter en su interior.<
segm4: >Neg<
Linea:  18
segm1: >1044<
segm2: >nodular<
segm3: >A144222 Ambos lobulos tiroideos e istmo con ecoestructura heterogenea no nodular, disminuidos globalmente de tamano.<
segm4: >Neg<
Linea:  19
segm1: >1045<
segm2: >aumento<
segm3: >A293411 Se explora tobillo y pie izquierdo No se observa aumento del espesor del TCS en comparacion con el contralateral.<
segm4: >Neg<
Linea:  20
segm1: >1050<
segm2: >dilatacion<
segm3: >Rinon izquierdo con imagen redondeada en sector medio del rinon( 2.6 x 2.5cm), isoecoica con el parenquima adyacente, sin senal Doppler color de significacion ni dilatacion.<
segm4: >Neg<
Linea:  21
segm1: >1054<
segm2: >imagenes<
segm3: >Se observa cateter de derivacion en FID con escaso liquido adyacente a la punta, no se observan imagenes quisticas.<
segm4: >Neg<
Linea:  22
segm1: >1055<
segm2: >vascular<
segm3: >470740 Higado homogeneo.vesicula normal No se visualiza pancreas ni retroperitoneo  vascular por interposicion aerea- Bazo homogeno .mide 9 cm Rinones nativos pequenos.<
segm4: >Neg<
Linea:  23
segm1: >1058<
segm2: >dilatada <
segm3: >coledoco no dilatada  VESICULA BILIAR: distendida alitiasica.<
segm4: >Neg<
Linea:  24
segm1: >1061<
segm2: >hernia<
segm3: >532901 se explora la pared abdominal en reposo y contraccion no se observan alteraciones del Tcs, ni planos musculares no se observan signos ecograficos de hernia ni de trombosis al examen Doppler color.<
segm4: >Neg<
Linea:  25
segm1: >1065<
segm2: >liquido<
segm3: >Vejiga s / p no liquido libre.<
segm4: >Neg<
Linea:  26
segm1: >1072<
segm2: >dilatacion<
segm3: >Ectasia pielocalicial izquierda, pelvis: 0.9cm No se detecto dilatacion de la via urinaria.<
segm4: >Neg<
Linea:  27
segm1: >1076<
segm2: >derrame <
segm3: >Hemitorax izquierdo: no se observa derrame  pleural.<
segm4: >Neg<
Linea:  28
segm1: >1077<
segm2: >flujo tipo<
segm3: >Dada la importante ascitis, no se logra visualizar shunt su topografia ,ni vasos venosos adayacentes con flujo tipo turbulento.<
segm4: >Neg<
Linea:  29
segm1: >1084<
segm2: >cambios<
segm3: >Conclusion: no se observan cambios significativos respecto a estudio previo.<
segm4: >Neg<
Linea:  30
segm1: >1092<
segm2: >Derivacion <
segm3: >Relacion Epiplon Aorta: 3,7 / 1,2 COLATERALES: Vena coronaria en epiplon:no Derivacion  dorsal: no Hemorroidales:no vasos cortos:no Ascitis:no Rinones de caracteristicas normales.RD:10,6 cm Ri:10,5 cm Conclusion: no se observan signos ecograficos de hipertension  portal.<
segm4: >Neg<
Linea:  31
segm1: >1093<
segm2: >nodular<
segm3: >A146009 HIGADO: hepatomegalia heterogenea debido a la presencia de multiples imagenes hipoecoicas de limites mal definidos, no se observa imagen  nodular dominante.<
segm4: >Neg<
Linea:  32
segm1: >1096<
segm2: >nodular<
segm3: >A269755 Ambos lobulos tiroideos e istmo con ecoestructura heterogenea difusa no nodular.<
segm4: >Neg<
Linea:  33
segm1: >1100<
segm2: >imagenes<
segm3: >No se observan imagenes nodulares, quisticas ni calcificaciones.<
segm4: >Neg<
Linea:  34
segm1: >1101<
segm2: >imagen<
segm3: >A148853 HIGADO: tamano y ecoestructura normal.no se identifican imagenes quisticas VIA BILIAR intra y extrahepatica: no dilatada.<
segm4: >Neg<
Linea:  35
segm1: >1102<
segm2: >dilatacion<
segm3: >A216841 Ambos rinones ortotopicos- Rinon derecho de mayor tamano con multiples imagenes quisticas de diferente tamano, sin parenquima renal normal.Sin dilatacion pielocalicial.Se visualiza en forma intermitente ureter derecho no dilatado de 2.6 mm .<
segm4: >Neg<
Linea:  36
segm1: >1109<
segm2: >nodular<
segm3: >A27059 Ambos lobulos tiroideos e itsmo con ecoestructura minimamente heterogenea difusa no nodular y aumentados globalmente de tamano.<
segm4: >Neg<
Linea:  37
segm1: >1114<
segm2: >liquido<
segm3: >Diametro longitudinal:12,7( cm ) No se detectaron colecciones ni liquido libre.<
segm4: >Neg<
Linea:  38
segm1: >1118<
segm2: >nodular<
segm3: >A29142 Ambos lobulos tiroideos e istmo con ecoestructura heterogenea difusa no nodular y presencia de multiples tractos fibrosos.<
segm4: >Neg<
Linea:  39
segm1: >1120<
segm2: >nodular<
segm3: >123104 Ambos lobulos tiroideos e istmo con ecoestructura heterogenea difusa levemente, no nodular.<
segm4: >Neg<
Linea:  40
segm1: >1126<
segm2: >flujo<
segm3: >La misma no presenta flujo al doppler color.<
segm4: >Neg<
Linea:  41
segm1: >1128<
segm2: >nodular<
segm3: >532441 Ambos lobulos tiroideos e istmo con ecoestructura heterogenea no nodular.<
segm4: >Neg<
Linea:  42
segm1: >1129<
segm2: >liquido<
segm3: >No liquido libre en cavidad abdominal, no derivaciones hemorroidales.<
segm4: >Neg<
Linea:  43
segm1: >1130<
segm2: >dilatacion<
segm3: >Sin dilatacion del sistema excretor No se identifica la vejiga.<
segm4: >Neg<
Linea:  44
segm1: >1131<
segm2: >hematoma<
segm3: >Por este metodo no se puede descartar hematoma subdural ni extradural.<
segm4: >Neg<
Linea:  45
segm1: >1133<
segm2: >nodular<
segm3: >611191 Ambos lobulos tiroideos e istmo con ecoestructura heterogenea difusa no nodular y aumentados globalmente de tamano.<
segm4: >Neg<
Linea:  46
segm1: >1134<
segm2: >dilatada<
segm3: >: 20 cm / s Venas suprahepaticas: Flujo hepatofugo, onda bifasica Via biliar no dilatada.<
segm4: >Neg<
Linea:  47
segm1: >1136<
segm2: >desplazamiento<
segm3: >Presenta pequeno quiste subependimario de 0.8 x 1.3 mm que no produce desplazamientos ni efectos de masa.<
segm4: >Neg<
Linea:  48
segm1: >1137<
segm2: >cambios<
segm3: >A345848 Se realiza ecografia, no se observan cambios significativos con respecto a ecografia previa.<
segm4: >Neg<
Linea:  49
segm1: >1138<
segm2: >liquido<
segm3: >diametro longitudinal 5.3( cm ), transversal 3.5(cm) anteroposterior 2.8(cm), OVARIO DERECHO: de forma,tamano y estructura conservada 2.9(cm) x 2(cm) x 2.7(cm) con imagen  quistica  folicular dominante de 0.9 cm x 1.2 cm Volumen:8.6( cc ) OVARIO IZQUIERDO: de forma,tamano y estructura conservada 2.1(cm) x 1.3(cm) x 2.1(cm) Volumen: 3.1(cc) No liquido libre.-.<
segm4: >Neg<
Linea:  50
segm1: >1141<
segm2: >nodular<
segm3: >891467 Se visualiza glandula tiroides con ecoestructura heterogenea, no nodular, predominantemente hipoecoica.<
segm4: >Neg<
Linea:  51
segm1: >1142<
segm2: >derrame <
segm3: >955807 en cara anterior del muslo izquierdo, por debajo del TCS, se observa una coleccion liquida con algunos tabiques de54x48x18 mm No se observa derrame  articular.<
segm4: >Neg<
Linea:  52
segm1: >1145<
segm2: >masa<
segm3: >No se observan desviaciones de la linea media, efectos de masa, ni colecciones.<
segm4: >Neg<
Linea:  53
segm1: >1156<
segm2: >calcificaciones<
segm3: >A117909 Se observo engrosamiento difuso de partes blandas en plano celular subcutaneo de la pierna derecha sin evidencia de calcificaciones, lesiones quisticas ni nodulares.<
segm4: >Neg<
Linea:  54
segm1: >1158<
segm2: >dilatada <
segm3: >Via urinaria no dilatada  Vejiga plenificada de contornos regulares, sin residuo postmiccional.<
segm4: >Neg<
Linea:  55
segm1: >1159<
segm2: >nodular<
segm3: >693781 Ambos lobulos tiroideos e istmo con ecoestructura heterogenea no nodular.<
segm4: >Neg<
Linea:  56
segm1: >1160<
segm2: >dilatacion<
segm3: >RD 8,7 cm x 4,2 cm x 3,1 cn RI 9 cm x 3,2 cm x 3,6 cm No se observa dilatacion de la via urinaria.<
segm4: >Neg<
Linea:  57
segm1: >1161<
segm2: >estenosis<
segm3: >Al momento del examen no se observan signos ecograficos compatibles con estenosis hipertrofica del piloro.<
segm4: >Neg<
Linea:  58
segm1: >1162<
segm2: >imagen<
segm3: >No se visualiza coleccion ni imagens residuales.<
segm4: >Neg<
Linea:  59
segm1: >1165<
segm2: >adenomegalias<
segm3: >PANCREAS: parcialmente visible por interposicion de aire intestinal s / p No se identifican adenomegalias BAZO: esplenomegalia homogenea.<
segm4: >Neg<
Linea:  60
segm1: >1167<
segm2: >lesiones<
segm3: >No se visualizan lesiones nodulares solidas ni quisticas.<
segm4: >Neg<
Linea:  61
segm1: >1171<
segm2: >cambios<
segm3: >Se exploran rinones en decubito con transductor de alta frecuencia, no se observan imagenes patologicas o cambios de ecogenicidad en region media o polos, ectasias pielicas bilaterales, RIzquierdo con imagen sugerente de doble  sistema.<
segm4: >Neg<
Linea:  62
segm1: >1174<
segm2: >masa<
segm3: >OVARIO DERECHO: 0.8(cm) x 0.5(cm) x 0.7(cm) Volumen: 0.2(cc) OVARIO IZQUIERDO: 0.8(cm) x 0.4(cm) x 0.6(cm) Volumen: 0.1(cc) No se visualiza masa pelviana ni en region glutea anteriormente conocida.<
segm4: >Neg<
Linea:  63
segm1: >1176<
segm2: >herida<
segm3: >RD Diam Long: 9,1 cm RI Diam long:9,4 cm Vejiga de caracteristicas normales No se observa coleccion en herida quirurgica.<
segm4: >Neg<
Linea:  64
segm1: >1183<
segm2: >imagenes<
segm3: >5.9mm No se observaron cacificaciones ni imagenes quisticas en relacion con la misma.<
segm4: >Neg<
Linea:  65
segm1: >1186<
segm2: >nodular<
segm3: >875104 Ambos lobulos tiroideos e istmo con ecoestructura finamente heterogenea difusa, no nodular.<
segm4: >Neg<
Linea:  66
segm1: >1189<
segm2: >dilatacion<
segm3: >Sin dilatacion No se detecto dilatacion  ureteral.<
segm4: >Neg<
Linea:  67
segm1: >1191<
segm2: >Derivacion<
segm3: >/ 1 COLATERALES: Vena coronaria en epiplon:no Derivacion dorsal:no Hemorroidales: no vasos cortos:no Ascitis:moderada Rinones de caracteristicas normales Conclusion: se observan signos ecograficos de hipertension  portal.<
segm4: >Neg<
Linea:  68
segm1: >1193<
segm2: >nodular<
segm3: >RD Diam Long: 9.9 cm RI Diam long:9.7 cm Vejiga de caracteristicas normales Ambos lobulos tiroideos e istmo con ecoestructura heterogenea difusa no nodular y aumentados globalmente de tamano.<
segm4: >Neg<
Linea:  69
segm1: >1194<
segm2: >tension<
segm3: >Rinon derecho con dilatacion pielocalicial no a tension.<
segm4: >Neg<
Linea:  70
segm1: >1196<
segm2: >imagenes<
segm3: >No se visualizan imagenes de aspecto patologico evaluables por este metodo, ni diferencicas significativas a la comparacion con el contralateral.<
segm4: >Neg<
Linea:  71
segm1: >1197<
segm2: >cambios<
segm3: >Dilatacion pielica de 2.3(cm) de diametro anterposterior, sin cambios postmiccionales No se detecto dilatacion  ureteral.<
segm4: >Neg<
Linea:  72
segm1: >1198<
segm2: >imagen<
segm3: >Vejiga de caracteristicas normales No se visualizan imagenes compatibles con invaginacion intestinal.<
segm4: >Neg<
Linea:  73
segm1: >1199<
segm2: >lesiones<
segm3: >Tiene arco %  ' o elisa   lla mdre refiere mataderos cerca, si bien no se ven otras lesiones, dejo las rx de torax en la casa, podrian pedirselas en nueva consulta.<
segm4: >Neg<
Linea:  74
segm1: >1200<
segm2: >adenomegalias<
segm3: >Pequenas imagenes quisticas de aspecto coloide no mayores a tres milimetros No se detectaron adenomegalias laterocervicales.<
segm4: >Neg<
Linea:  75
segm1: >1201<
segm2: >patologia<
segm3: >A360943 Ecografia Pleural Der: No se visualiza patologia pleuropulmonar por este metodo Izq: Derrame  pleural anecoico, con multiples tabiques, algunos de ellos gruesos, con consolidacion parenquimatosa subyacente.<
segm4: >Neg<
Linea:  76
segm1: >1205<
segm2: >imagen<
segm3: >999657 No se observa imagen compatible con glandula tiroides.<
segm4: >Neg<
Linea:  77
segm1: >1207<
segm2: >liquido<
segm3: >Bazo: 7.5 cm No se observa liquido libre.<
segm4: >Neg<
Linea:  78
segm1: >1208<
segm2: >dilatacion<
segm3: >Ambos rinones ortotopicos, con aumento de ecogenicidad y menor diferencicion corticomedular, no se visualiza dilatacion pielica.<
segm4: >Neg<
Linea:  79
segm1: >1210<
segm2: >dilatada <
segm3: >extrahepatica: No dilatada  Vesicula biliar: de paredes engrosadas con flujo  venoso colateral visible.<
segm4: >Neg<
Linea:  80
segm1: >1213<
segm2: >masa<
segm3: >A349781 Ecoestructura parenquimatosa cerebral y de nucleos de la base sin alteraciones sin desviaciones de la linea media, efectos de masa, ni colecciones.<
segm4: >Neg<
Linea:  81
segm1: >1214<
segm2: >imagenes<
segm3: >64072 No se observan imagenes de significacion en la pared abdominal en la region de interes.<
segm4: >Neg<
Linea:  82
segm1: >1219<
segm2: >nodular<
segm3: >A57035 Ambos lobulos tiroideos e istmo con ecoestructura heterogenea difusa no nodular y aumentados globalmente de tamano.<
segm4: >Neg<
Linea:  83
segm1: >1221<
segm2: >liquido intraarticular<
segm3: >No se visualiza liquido intraarticular ni imagenes compatibles con coleccion.<
segm4: >Neg<
Linea:  84
segm1: >1223<
segm2: >liquido<
segm3: >No se observa liquido libre ni colecciones.<
segm4: >Neg<
Linea:  85
segm1: >1225<
segm2: >masa<
segm3: >No se observan colecciones ni efectos de masa.<
segm4: >Neg<
Linea:  86
segm1: >1226<
segm2: >nodular<
segm3: >486628 Ambos lobulos tiroideos e istmo con ecoestructura heterogenea difusa no nodular, tamano aconservado Luz traqueal  centrada.<
segm4: >Neg<
Linea:  87
segm1: >1227<
segm2: >dilatada <
segm3: >395021 Higado: heterogeneo  difuso contorno nodular  Via biliar intra y extrahepatica: no dilatada  Vesicula biliar: no visible Pancreas:sp Bazo: homogeneo.<
segm4: >Neg<
Linea:  88
segm1: >1232<
segm2: >TROMBOSIS<
segm3: >272872 DOPPLER COLOR PULSADO Y COLOR NO SE OBSERVAN IMAGENES SUGERENTES DE TROMBOSIS A NIVEL DE SISTEMA ARTERIAL O VENOSO DE MIEMBROS INFERIORES.<
segm4: >Neg<
Linea:  89
segm1: >1234<
segm2: >nodular<
segm3: >A255796 Se observa glandula tiroides aumentada globalmente de tamano, de contorno lobulado, con ecoestructura finamente heterogenea, no nodular, predominantemente hipoecoica, hipervascularizada.<
segm4: >Neg<
Linea:  90
segm1: >1239<
segm2: >calcificaciones<
segm3: >Sin calcificaciones, ni vascularizacion en su interior.<
segm4: >Neg<
Linea:  91
segm1: >1241<
segm2: >imagenes<
segm3: >Se explora abdomen, no se observa imagenes compatibles con pseudoquiste.<
segm4: >Neg<
Linea:  92
segm1: >1242<
segm2: >aumento<
segm3: >No se observa aumento del liquido  articular ni alteraciones musculares en la region explorada.<
segm4: >Neg<
Linea:  93
segm1: >1243<
segm2: >imagenes<
segm3: >32.0 cc Ovarios con ecoestructura conservada, no se identifican imagenes quisticas.<
segm4: >Neg<
Linea:  94
segm1: >1245<
segm2: >stent<
segm3: >Exploracion directa extrarrenal: Arteria renal derecha con flujo turbulento en tercio proximal y aumento de la velocidad( 212 cm / seg) a dicho nivel, con disminucon de la velocidad en dos tercios distales(65 cm / seg) sugestivo de estenosis no se visualiza stent a traves de este metodo.<
segm4: >Neg<
Linea:  95
segm1: >1249<
segm2: >imagenes<
segm3: >No se visualizan imagenes quisticas ni nodulares.<
segm4: >Neg<
Linea:  96
segm1: >1252<
segm2: >imagenes<
segm3: >no se observan imagenes quisticas ni sugestivas de duplicacion.<
segm4: >Neg<
Linea:  97
segm1: >1261<
segm2: >liquido <
segm3: >A227434 Ecografia de ambas caderas comparativas: No se identifica liquido  articular en ambas caderas.<
segm4: >Neg<
Linea:  98
segm1: >1263<
segm2: >dilatada <
segm3: >Via biliar intra y extrahepatica: no dilatada  Vesicula biliar: de paredes gruesas con varices perivesiculares.<
segm4: >Neg<
Linea:  99
segm1: >1266<
segm2: >liquido<
segm3: >se oservan dos uteros y dos cuellos de forma y estructura conservada( utero didelfo) Ut der:69x48x21 mm endometrio 6 mm Ut izq: 53 x 42x 29 mm endometrio 7 mm ovario derecho 38x30x15 mm vol: 9.5 cc ovario izquierdo: 42x30x20 mm vol:13 cc foliculo dominante de 19 mm No se observa liquido libre en cavidad.<
segm4: >Neg<
Linea:  100
segm1: >1267<
segm2: >hidrocele<
segm3: >Se observa a nivel de tercio medio posterior de testiculo derecho, imagen hipoecoica de bordes definidos sugerente de restos adrenales( mide:6.7 x 2.1 mm) Dimensiones: Testiculo derecho: Volumen:3( cc ) Testiculo izquierdo: Volumen: 3.7(cc) No se observa hidrocele o varicocele.<
segm4: >Neg<
Linea:  101
segm1: >1271<
segm2: >dilatada <
segm3: >Via urinaria no dilatada  Rinon izquierdo de tamano y ecoestructura normal.<
segm4: >Neg<
Linea:  102
segm1: >1272<
segm2: >dilatada<
segm3: >VCI permeable.No se visualiza flujo  portal en hilio observandose colaterales venosas.Via biliar no dilatada.<
segm4: >Neg<
Linea:  103
segm1: >1273<
segm2: >comunicacion<
segm3: >Hidrocele bilateral extendiendose a conducto inguinal, no se observa comunicacion con abdomen.<
segm4: >Neg<
Linea:  104
segm1: >1274<
segm2: >aumento<
segm3: >No se observa aumento de flujo en su interior ni signos de abscedacion.<
segm4: >Neg<
Linea:  105
segm1: >1275<
segm2: >imagenes<
segm3: >No se observan imagenes quisticas ni solidas.<
segm4: >Neg<
Linea:  106
segm1: >1279<
segm2: >dilatacion<
segm3: >Higado de forma, tamano y ecoestructura habitual, no se evidencia dilatacion de la via intra ni extrahepatica.<
segm4: >Neg<
Linea:  107
segm1: >1281<
segm2: >infantil<
segm3: >UTERO: En AVF, de forma, aumento de tamano para la edad, forma no infantil.<
segm4: >Neg<
Linea:  108
segm1: >1284<
segm2: >nodular<
segm3: >353600 Ambos lobulos tiroideos e istmo con ecoestructura heterogenea difusa no nodular y aumentados globalmente de tamano.<
segm4: >Neg<
Linea:  109
segm1: >1285<
segm2: >flebitis<
segm3: >No se observan al momento del estudio senal Doppler de fistula arteriovenosa, ni signos de trombosis o flebitis.<
segm4: >Neg<
Linea:  110
segm1: >1286<
segm2: >liquido<
segm3: >No se visualiza liquido en cavidad ni interasas.<
segm4: >Neg<
Linea:  111
segm1: >1289<
segm2: >dilatacion <
segm3: >Pelvis pre-cateterismo: der: 1.6(cm) ; izq: 1.4(cm) Pelvis post-cateterismo: der: 1(cm) ; izq:1.6(cm) No se detecto dilatacion  ureteral, si bien el ureter izquierdo es visible en forma intermitente con un diametro de 0.3 cm pre y post-cateterismo.<
segm4: >Neg<
Linea:  112
segm1: >1293<
segm2: >liquido<
segm3: >Long: 13.9 cm No se identifican adenomegalias ni liquido libre en cavidad abdominal.<
segm4: >Neg<
Linea:  113
segm1: >1295<
segm2: >nodular<
segm3: >481310 Se observa glandula tiroides con ecoestructura finamente heterogenea, no nodular, con presencia de pequenos quistes coloides de mm, difusos.<
segm4: >Neg<
Linea:  114
segm1: >1299<
segm2: >nodular<
segm3: >A121556 Ambos lobulos tiroideos e istmo con ecoestructura heterogenea difusa no nodular y aumentados globalmente de tamano.<
segm4: >Neg<
Linea:  115
segm1: >1301<
segm2: >dilatada<
segm3: >Via biliar extrahepatica: no dilatada.<
segm4: >Neg<
Linea:  116
segm1: >1310<
segm2: >flujo<
segm3: >en hueco popliteo y cara posterior de la pierna izquierda se observa una formacion quistica con ecos y tabiques en su interior de aprox 18x9x4 cm que corresponderia a un gran  quiste de Baker No prsenta flujo al examen Doppler color ni compromiso de planos profundos.<
segm4: >Neg<
Linea:  117
segm1: >1314<
segm2: >derrame <
segm3: >A57909 HEMITORAX DERECHO: No se observa derrame  pleural.<
segm4: >Neg<
Linea:  118
segm1: >1316<
segm2: >dilatacion<
segm3: >Mide:7.3 cm No se observa dilatacion de la via urinaria.<
segm4: >Neg<
Linea:  119
segm1: >1320<
segm2: >IMAGEN<
segm3: >A225188 SE REALIZA ECOGRAFIA A NIVEL DE REGION SACRA, NO SE OBSERVA IMAGEN VASCULARIZADA A DICHO NIVEL, NI COMPROMISO DE ESTRUCTURAS PROFUNDAS.<
segm4: >Neg<
Linea:  120
segm1: >1321<
segm2: >ADENOMEGALIAS<
segm3: >LA COLA DEL EPIDIDIMO IZQUIERDO NO SE VISUALIZA PEQUEnA ADENOMEGALIAS INGUINAL DERECHA DE 11 MM.<
segm4: >Neg<
Linea:  121
segm1: >1323<
segm2: >engrosamiento<
segm3: >RD Diam Long:7.4 cm RI Diam long: 6.5cm Vejiga de caracteristicas normales No se observa engrosamiento de la pared intestinal al momento del estudio.<
segm4: >Neg<
Linea:  122
segm1: >1324<
segm2: >hipertension<
segm3: >Diametro longitudinal: 9.9 cm( normal ) Retroperitoneo: Relacion Epiplon Aorta: 1 / 1 COLATERALES: Vena coronaria en epiplon:no Derivacion  dorsal: no Hemorroidales: no vasos cortos:no Ascitis:no Rinones de caracteristicas normales RD 10.2 CM RI9.9 CM Conclusion: NO se observan signos ecograficos de hipertension  portal.<
segm4: >Neg<
Linea:  123
segm1: >1326<
segm2: >diverticulo<
segm3: >Vejiga de contorno neto, paredes finas y contenido normal, no se visualiza a traves de este metodo diverticulo.<
segm4: >Neg<
Linea:  124
segm1: >1327<
segm2: >vascular<
segm3: >Asas del ileon, apendicular y cecales de4 paredes engrosadas no logrando determinar flujo doppler vascular en su interior por interposicion de ventana acustica.<
segm4: >Neg<
Linea:  125
segm1: >1332<
segm2: >quiste<
segm3: >No se logra identificar quiste de punta de cateter de DVP ni apendice cecal.<
segm4: >Neg<
Linea:  126
segm1: >1334<
segm2: >adenomegalias<
segm3: >Vol: 2.3 cc No adenomegalias regionales.<
segm4: >Neg<
Linea:  127
segm1: >1336<
segm2: >nodular<
segm3: >Ambos lobulos tiroideos e istmo con ecoestructura heterogenea difusa no nodular y aumentados globalmente de tamano.<
segm4: >Neg<
Linea:  128
segm1: >1337<
segm2: >aumento<
segm3: >A229589 Ambos rinones ortotopicos, de ecoestructura normal, no se observa aumento de la ecogenicidad parenquimatosa.<
segm4: >Neg<
Linea:  129
segm1: >1338<
segm2: >nodular<
segm3: >485725 Se observa glandula tiroides de pequeno volumen, con ecoestructura finamente heterogenea, no nodular.<
segm4: >Neg<
Linea:  130
segm1: >1342<
segm2: >dilatacion<
segm3: >Miden: RD: 8.9 x 3.3 cm RIz: 8.8 x 3.2 cm No se observa dilatacion de la via urinaria.<
segm4: >Neg<
Linea:  131
segm1: >1343<
segm2: >cambios<
segm3: >A nivel del hilio de observan dos imagenes nodulares, ya conocidas, sin cambios significativos, una de 3 x 3.7 cm y la otra de aprox 4 x 3 cm VIA BILIAR intra y extrahepatica: no dilatada.<
segm4: >Neg<
Linea:  132
segm1: >1353<
segm2: >Dilatacion<
segm3: >No se observa dilatacion  ureteral Vejiga vacia con balon.<
segm4: >Neg<
Linea:  133
segm1: >1354<
segm2: >dilatacion<
segm3: >No se detecto dilatacion de la via urinaria.Presencia de pelvis extrarenales bilaterales.pelvis renal der mide 1.2 cm y extrar 2.3 cm.Pelvis izquierda mide 0.97 cm y extrarenal 1.1 cm.Sin ditacion calicial ni visualizacion de ureteres. .<
segm4: >Neg<
Linea:  134
segm1: >1355<
segm2: >dilatacion<
segm3: >Sin ditacion calicial ni visualizacion de ureteres.<
segm4: >Neg<
Linea:  135
segm1: >1356<
segm2: >dilatada<
segm3: >Via biliar con cateter no dilatada, se observa dilatacion de via biliar mas superficial intrahepatica de 6 mm.<
segm4: >Neg<
cant de lineas contadas 136 
