Linea:  0
segm1: >1039<
segm2: >doble<
segm3: >A140399 RD pequeno y ecogenico de 5.7 x 1.8 cm, sin diferenciacion  corticomedular RI Aparenta doble 10.7 x 4.6 sin dilataciones, no visualizo ureteres  , me gustaria conocer los antecedentes y si en realidad esta en IRC, tiene CUGM, antecedentes de infecci{on  '.<
segm4: >Pos<
Linea:  1
segm1: >1282<
segm2: >TERATOMA<
segm3: >PODRIA CORRESPONDER A TERATOMA No se observo liquido libre en cavidad.<
segm4: >Pos<
Linea:  2
segm1: >1348<
segm2: >adenomegalias<
segm3: >Se observa formacion heterogena con areas hipoecoicas de limites no definidos de 3.5 x 2 cm aprox, que podria corresponder a conglomerado de adenomegalias, adenoflemon en formacion( no se observa coleccion propiamente dicha) Musculo ECM derecho desplazado en forma  posterior.<
segm4: >Pos<
Linea:  3
segm1: >1349<
segm2: >hematoma<
segm3: >Se visualiza entre TCS y plano muscular  aumento del espesor por ecoestructura ecogenica que impresiona hematoma, observando flujo turbulento en dispositivo de fistula, aunque en la onda espectral no se visualiza la caracteristica de flujo de turbulencia.<
segm4: >Pos<
Linea:  4
segm1: >1350<
segm2: >infiltracion<
segm3: >Se observa TIzq aumentado de volumen con areas hipoecoicas de bordes no definidos sugerentes de infiltracion leucemica.<
segm4: >Pos<
Linea:  5
segm1: >1351<
segm2: >nodulos<
segm3: >A36699 HIGADO: aumentado de tamano, heterogneo de contornos lobulados( que pordrian corresponder a nodulos e regeneracion) VIA BILIAR intra y extrahepatica: no dilatada.<
segm4: >Pos<
cant de lineas contadas 6 
